06-02-2022 13:15:02	Este registro contiene información acerca de la operación de importación de esquema en el proyecto 'DB' del equipo 'LAPTOP-BR5P6ONT' por el usuario 'rmont'.
06-02-2022 13:15:02	Se inició la importación del esquema de la base de datos.
06-02-2022 13:15:14	Recopilando credenciales de la base de datos
06-02-2022 13:15:14	Recopilando opciones de base de datos
06-02-2022 13:15:14	Recopilando la opción de configuración de ámbito de la base de datos genérica
06-02-2022 13:15:14	Recopilando usuarios
06-02-2022 13:15:14	Recopilando roles
06-02-2022 13:15:14	Recopilando roles de aplicación
06-02-2022 13:15:14	Recopilando pertenencias a roles
06-02-2022 13:15:14	Recopilando grupos de archivos
06-02-2022 13:15:14	Recopilando catálogos de texto completo
06-02-2022 13:15:14	Recopilando ensamblados
06-02-2022 13:15:14	Recopilando certificados
06-02-2022 13:15:14	Recopilando claves asimétricas
06-02-2022 13:15:14	Recopilando claves simétricas
06-02-2022 13:15:14	Recopilando claves simétricas cifradas
06-02-2022 13:15:14	Recopilando esquemas
06-02-2022 13:15:14	Recopilando colecciones de esquemas XML
06-02-2022 13:15:14	Recopilando tipos de datos definidos por el usuario
06-02-2022 13:15:14	Recopilando tipos definidos por el usuario
06-02-2022 13:15:14	Recopilando tipos de tabla
06-02-2022 13:15:14	Recopilando claves únicas para tipos de tabla
06-02-2022 13:15:14	Recopilando claves principales para tipos de tabla
06-02-2022 13:15:14	Recopilando índices para tipos de tablas
06-02-2022 13:15:15	Recopilando restricciones CHECK para tipos de tabla
06-02-2022 13:15:15	Recopilando restricciones DEFAULT para tipos de tabla
06-02-2022 13:15:15	Recopilando funciones de partición
06-02-2022 13:15:15	Recopilando esquemas de partición
06-02-2022 13:15:15	Recopilando funciones
06-02-2022 13:15:15	Recopilando funciones cifradas
06-02-2022 13:15:15	Recopilando agregados
06-02-2022 13:15:15	Recopilando procedimientos
06-02-2022 13:15:15	Recopilando procedimientos cifrados
06-02-2022 13:15:15	Recopilando tablas
06-02-2022 13:15:15	Recopilando claves principales
06-02-2022 13:15:15	Recopilando restricciones UNIQUE
06-02-2022 13:15:15	Recopilando claves externas
06-02-2022 13:15:15	Recopilando restricciones DEFAULT
06-02-2022 13:15:15	Recopilando restricciones CHECK
06-02-2022 13:15:15	Recopilando vistas
06-02-2022 13:15:15	Recopilando vistas cifradas
06-02-2022 13:15:15	Recopilando índices
06-02-2022 13:15:15	Recopilando estadísticas
06-02-2022 13:15:15	Recopilando listas de palabras irrelevantes de índices de texto completo
06-02-2022 13:15:15	Recopilando listas de propiedades de búsqueda
06-02-2022 13:15:15	Recopilando propiedades de búsqueda
06-02-2022 13:15:15	Recopilando índices de texto completo
06-02-2022 13:15:15	Recopilando índices de almacenamiento de columnas
06-02-2022 13:15:15	Recopilando índices espaciales
06-02-2022 13:15:15	Recopilando índices XML
06-02-2022 13:15:15	Recopilando índices XML selectivos
06-02-2022 13:15:15	Recopilando desencadenadores cifrados
06-02-2022 13:15:15	Recopilando desencadenadores
06-02-2022 13:15:15	Recopilando DDL triggers cifrados y de CLR
06-02-2022 13:15:15	Recopilando DDL triggers
06-02-2022 13:15:15	Creación de la restricción perimetral en curso
06-02-2022 13:15:15	Recopilando sinónimos
06-02-2022 13:15:15	Recopilando valores predeterminados
06-02-2022 13:15:15	Recopilando enlaces UDDT de restricción de datos
06-02-2022 13:15:15	Recopilando reglas
06-02-2022 13:15:15	Recopilando enlaces UDDT de restricción de datos
06-02-2022 13:15:15	Recopilando tipos de mensaje
06-02-2022 13:15:15	Recopilando colas
06-02-2022 13:15:15	Recopilando contratos
06-02-2022 13:15:15	Recopilando servicios
06-02-2022 13:15:15	Recopilando notificaciones de eventos
06-02-2022 13:15:15	Recopilando enlaces de servicio remoto
06-02-2022 13:15:15	Recopilando prioridades de Broker
06-02-2022 13:15:15	Recopilando firmas
06-02-2022 13:15:15	Recopilando opciones de compresión de datos
06-02-2022 13:15:15	Recopilando tipos de secuencia
06-02-2022 13:15:15	Recopilando directivas de seguridad
06-02-2022 13:15:15	Recopilar claves de cifrado de columna
06-02-2022 13:15:15	Recopilando claves maestras de columna
06-02-2022 13:15:15	Recopilando orígenes de datos externos
06-02-2022 13:15:15	Recopilando formatos de archivo externos
06-02-2022 13:15:15	Recopilando tablas externas
06-02-2022 13:15:15	Recopilando propiedades extendidas
06-02-2022 13:15:15	Recopilando ensamblados
06-02-2022 13:15:15	Recopilando credenciales
06-02-2022 13:15:15	Recopilando inicios de sesión
06-02-2022 13:15:15	Recopilando auditorías de servidor
06-02-2022 13:15:17	Buscando elementos duplicados en el proyecto
06-02-2022 13:15:17	Ha finalizado el procesamiento de los elementos duplicados
06-02-2022 13:15:18	Finalizó la importación de la base de datos.
06-02-2022 13:15:18	Se guardó un resumen de la importación en la siguiente ubicación: C:\Users\rmont\Documents\Desarrollos\ASPNET\MisCosas\DB\Registros de importación de esquemas\DB_20220206041502.log
06-02-2022 13:15:18	Haga clic en Finalizar para continuar...
